<?xml version="1.0" encoding="UTF-8"?>
<!-- Generated by org.testng.reporters.JUnitReportReporter -->
<testsuite hostname="DESKTOP-GPEIP3T" failures="0" tests="3" name="Tone.Priority1" time="0.007" errors="0" timestamp="2023-09-07T11:25:11 IST" skipped="0">
  <testcase classname="Tone.Priority1" name="testmethod1" time="0.006"/>
  <system-out/>
  <testcase classname="Tone.Priority1" name="syso1" time="0.000"/>
  <system-out/>
  <testcase classname="Tone.Priority1" name="syso" time="0.001"/>
  <system-out/>
</testsuite> <!-- Tone.Priority1 -->
